23/03/30 13:59:06 INFO pig.ExecTypeProvider: Trying ExecType : LOCAL
23/03/30 13:59:06 INFO pig.ExecTypeProvider: Trying ExecType : MAPREDUCE
23/03/30 13:59:06 INFO pig.ExecTypeProvider: Picked MAPREDUCE as the ExecType
2023-03-30 13:59:06,757 [main] INFO  org.apache.pig.Main - Apache Pig version 0.15.0 (r1682971) compiled Jun 01 2015, 11:44:35
2023-03-30 13:59:06,757 [main] INFO  org.apache.pig.Main - Logging error messages to: /home/cs421g16/pigScripts/pig_1680199146755.log
2023-03-30 13:59:07,304 [main] INFO  org.apache.pig.impl.util.Utils - Default bootup file /home/cs421g16/.pigbootup not found
2023-03-30 13:59:07,424 [main] INFO  org.apache.hadoop.conf.Configuration.deprecation - mapred.job.tracker is deprecated. Instead, use mapreduce.jobtracker.address
2023-03-30 13:59:07,424 [main] INFO  org.apache.hadoop.conf.Configuration.deprecation - fs.default.name is deprecated. Instead, use fs.defaultFS
2023-03-30 13:59:07,424 [main] INFO  org.apache.pig.backend.hadoop.executionengine.HExecutionEngine - Connecting to hadoop file system at: hdfs://winter2023-comp421-1.cs.mcgill.ca:9000
2023-03-30 13:59:08,577 [main] INFO  org.apache.hadoop.conf.Configuration.deprecation - fs.default.name is deprecated. Instead, use fs.defaultFS
2023-03-30 13:59:08,699 [main] INFO  org.apache.hadoop.conf.Configuration.deprecation - fs.default.name is deprecated. Instead, use fs.defaultFS
2023-03-30 13:59:08,884 [main] INFO  org.apache.pig.tools.pigstats.ScriptState - Pig features used in the script: HASH_JOIN,GROUP_BY,ORDER_BY,LIMIT
2023-03-30 13:59:08,922 [main] INFO  org.apache.hadoop.conf.Configuration.deprecation - fs.default.name is deprecated. Instead, use fs.defaultFS
2023-03-30 13:59:08,925 [main] INFO  org.apache.pig.data.SchemaTupleBackend - Key [pig.schematuple] was not set... will not generate code.
2023-03-30 13:59:08,954 [main] INFO  org.apache.pig.newplan.logical.optimizer.LogicalPlanOptimizer - {RULES_ENABLED=[AddForEach, ColumnMapKeyPrune, ConstantCalculator, GroupByConstParallelSetter, LimitOptimizer, LoadTypeCastInserter, MergeFilter, MergeForEach, PartitionFilterOptimizer, PredicatePushdownOptimizer, PushDownForEachFlatten, PushUpFilter, SplitFilter, StreamTypeCastInserter]}
2023-03-30 13:59:09,077 [main] INFO  org.apache.pig.backend.hadoop.executionengine.mapReduceLayer.MRCompiler - File concatenation threshold: 100 optimistic? false
2023-03-30 13:59:09,107 [main] INFO  org.apache.pig.backend.hadoop.executionengine.util.CombinerOptimizerUtil - Choosing to move algebraic foreach to combiner
2023-03-30 13:59:09,130 [main] INFO  org.apache.pig.backend.hadoop.executionengine.mapReduceLayer.SecondaryKeyOptimizerMR - Using Secondary Key Optimization for MapReduce node scope-85
2023-03-30 13:59:09,130 [main] INFO  org.apache.pig.backend.hadoop.executionengine.mapReduceLayer.SecondaryKeyOptimizerMR - Using Secondary Key Optimization for MapReduce node scope-118
2023-03-30 13:59:09,134 [main] INFO  org.apache.pig.backend.hadoop.executionengine.mapReduceLayer.MRCompiler$LastInputStreamingOptimizer - Rewrite: POPackage->POForEach to POPackage(JoinPackager)
2023-03-30 13:59:09,134 [main] INFO  org.apache.pig.backend.hadoop.executionengine.mapReduceLayer.MRCompiler$LastInputStreamingOptimizer - Rewrite: POPackage->POForEach to POPackage(JoinPackager)
2023-03-30 13:59:09,141 [main] INFO  org.apache.pig.backend.hadoop.executionengine.mapReduceLayer.MultiQueryOptimizer - MR plan size before optimization: 9
2023-03-30 13:59:09,142 [main] INFO  org.apache.pig.backend.hadoop.executionengine.mapReduceLayer.MultiQueryOptimizer - Merged 0 diamond splitter.
2023-03-30 13:59:09,142 [main] INFO  org.apache.pig.backend.hadoop.executionengine.mapReduceLayer.MultiQueryOptimizer - Merged 0 out of total 3 MR operators.
2023-03-30 13:59:09,142 [main] INFO  org.apache.pig.backend.hadoop.executionengine.mapReduceLayer.MultiQueryOptimizer - MR plan size after optimization: 9
2023-03-30 13:59:09,168 [main] INFO  org.apache.hadoop.conf.Configuration.deprecation - fs.default.name is deprecated. Instead, use fs.defaultFS
2023-03-30 13:59:09,201 [main] INFO  org.apache.hadoop.yarn.client.RMProxy - Connecting to ResourceManager at winter2023-comp421-1.cs.mcgill.ca/132.206.51.211:8032
2023-03-30 13:59:09,391 [main] INFO  org.apache.pig.tools.pigstats.mapreduce.MRScriptState - Pig script settings are added to the job
2023-03-30 13:59:09,396 [main] INFO  org.apache.hadoop.conf.Configuration.deprecation - mapred.job.reduce.markreset.buffer.percent is deprecated. Instead, use mapreduce.reduce.markreset.buffer.percent
2023-03-30 13:59:09,396 [main] INFO  org.apache.pig.backend.hadoop.executionengine.mapReduceLayer.JobControlCompiler - mapred.job.reduce.markreset.buffer.percent is not set, set to default 0.3
2023-03-30 13:59:09,396 [main] INFO  org.apache.hadoop.conf.Configuration.deprecation - mapred.output.compress is deprecated. Instead, use mapreduce.output.fileoutputformat.compress
2023-03-30 13:59:09,398 [main] INFO  org.apache.pig.backend.hadoop.executionengine.mapReduceLayer.JobControlCompiler - This job cannot be converted run in-process
2023-03-30 13:59:09,700 [main] INFO  org.apache.pig.backend.hadoop.executionengine.mapReduceLayer.JobControlCompiler - Added jar file:/data/cs421/softwares/apache/pig-0.15.0/pig-0.15.0-core-h2.jar to DistributedCache through /tmp/temp1746310190/tmp849473114/pig-0.15.0-core-h2.jar
2023-03-30 13:59:09,732 [main] INFO  org.apache.pig.backend.hadoop.executionengine.mapReduceLayer.JobControlCompiler - Added jar file:/data/cs421/softwares/apache/pig-0.15.0/lib/automaton-1.11-8.jar to DistributedCache through /tmp/temp1746310190/tmp-229450557/automaton-1.11-8.jar
2023-03-30 13:59:09,769 [main] INFO  org.apache.pig.backend.hadoop.executionengine.mapReduceLayer.JobControlCompiler - Added jar file:/data/cs421/softwares/apache/pig-0.15.0/lib/antlr-runtime-3.4.jar to DistributedCache through /tmp/temp1746310190/tmp-1681506654/antlr-runtime-3.4.jar
2023-03-30 13:59:09,813 [main] INFO  org.apache.pig.backend.hadoop.executionengine.mapReduceLayer.JobControlCompiler - Added jar file:/data/cs421/softwares/apache/pig-0.15.0/lib/joda-time-2.5.jar to DistributedCache through /tmp/temp1746310190/tmp659525069/joda-time-2.5.jar
2023-03-30 13:59:09,840 [main] INFO  org.apache.pig.backend.hadoop.executionengine.mapReduceLayer.JobControlCompiler - Setting up single store job
2023-03-30 13:59:09,848 [main] INFO  org.apache.pig.data.SchemaTupleFrontend - Key [pig.schematuple] is false, will not generate code.
2023-03-30 13:59:09,849 [main] INFO  org.apache.pig.data.SchemaTupleFrontend - Starting process to move generated code to distributed cacche
2023-03-30 13:59:09,849 [main] INFO  org.apache.pig.data.SchemaTupleFrontend - Setting key [pig.schematuple.classes] with classes to deserialize []
2023-03-30 13:59:09,882 [main] INFO  org.apache.pig.backend.hadoop.executionengine.mapReduceLayer.MapReduceLauncher - 1 map-reduce job(s) waiting for submission.
2023-03-30 13:59:09,883 [main] INFO  org.apache.hadoop.conf.Configuration.deprecation - mapred.job.tracker.http.address is deprecated. Instead, use mapreduce.jobtracker.http.address
2023-03-30 13:59:09,887 [JobControl] INFO  org.apache.hadoop.yarn.client.RMProxy - Connecting to ResourceManager at winter2023-comp421-1.cs.mcgill.ca/132.206.51.211:8032
2023-03-30 13:59:09,900 [JobControl] INFO  org.apache.hadoop.conf.Configuration.deprecation - fs.default.name is deprecated. Instead, use fs.defaultFS
2023-03-30 13:59:10,001 [JobControl] WARN  org.apache.hadoop.mapreduce.JobResourceUploader - No job jar file set.  User classes may not be found. See Job or Job#setJar(String).
2023-03-30 13:59:10,051 [JobControl] INFO  org.apache.hadoop.mapreduce.lib.input.FileInputFormat - Total input paths to process : 1
2023-03-30 13:59:10,052 [JobControl] INFO  org.apache.pig.backend.hadoop.executionengine.util.MapRedUtil - Total input paths to process : 1
2023-03-30 13:59:10,069 [JobControl] INFO  org.apache.pig.backend.hadoop.executionengine.util.MapRedUtil - Total input paths (combined) to process : 1
2023-03-30 13:59:10,183 [JobControl] INFO  org.apache.hadoop.mapreduce.JobSubmitter - number of splits:1
2023-03-30 13:59:10,346 [JobControl] INFO  org.apache.hadoop.mapreduce.JobSubmitter - Submitting tokens for job: job_1679627889895_2505
2023-03-30 13:59:10,511 [JobControl] INFO  org.apache.hadoop.mapred.YARNRunner - Job jar is not present. Not adding any jar to the list of resources.
2023-03-30 13:59:10,589 [JobControl] INFO  org.apache.hadoop.yarn.client.api.impl.YarnClientImpl - Submitted application application_1679627889895_2505
2023-03-30 13:59:10,632 [JobControl] INFO  org.apache.hadoop.mapreduce.Job - The url to track the job: http://winter2023-comp421-1.cs.mcgill.ca:8088/proxy/application_1679627889895_2505/
2023-03-30 13:59:10,632 [main] INFO  org.apache.pig.backend.hadoop.executionengine.mapReduceLayer.MapReduceLauncher - HadoopJobId: job_1679627889895_2505
2023-03-30 13:59:10,633 [main] INFO  org.apache.pig.backend.hadoop.executionengine.mapReduceLayer.MapReduceLauncher - Processing aliases movies
2023-03-30 13:59:10,633 [main] INFO  org.apache.pig.backend.hadoop.executionengine.mapReduceLayer.MapReduceLauncher - detailed locations: M: movies[2,9],movies[-1,-1] C:  R: 
2023-03-30 13:59:10,647 [main] INFO  org.apache.pig.backend.hadoop.executionengine.mapReduceLayer.MapReduceLauncher - 0% complete
2023-03-30 13:59:10,647 [main] INFO  org.apache.pig.backend.hadoop.executionengine.mapReduceLayer.MapReduceLauncher - Running jobs are [job_1679627889895_2505]
2023-03-30 13:59:23,135 [main] INFO  org.apache.hadoop.mapred.ClientServiceDelegate - Application state is completed. FinalApplicationStatus=SUCCEEDED. Redirecting to job history server
2023-03-30 13:59:23,191 [main] INFO  org.apache.pig.backend.hadoop.executionengine.mapReduceLayer.MapReduceLauncher - 11% complete
2023-03-30 13:59:23,205 [main] INFO  org.apache.hadoop.yarn.client.RMProxy - Connecting to ResourceManager at winter2023-comp421-1.cs.mcgill.ca/132.206.51.211:8032
2023-03-30 13:59:23,209 [main] INFO  org.apache.hadoop.mapred.ClientServiceDelegate - Application state is completed. FinalApplicationStatus=SUCCEEDED. Redirecting to job history server
2023-03-30 13:59:23,349 [main] INFO  org.apache.hadoop.yarn.client.RMProxy - Connecting to ResourceManager at winter2023-comp421-1.cs.mcgill.ca/132.206.51.211:8032
2023-03-30 13:59:23,353 [main] INFO  org.apache.hadoop.mapred.ClientServiceDelegate - Application state is completed. FinalApplicationStatus=SUCCEEDED. Redirecting to job history server
2023-03-30 13:59:23,394 [main] INFO  org.apache.hadoop.conf.Configuration.deprecation - mapred.reduce.tasks is deprecated. Instead, use mapreduce.job.reduces
2023-03-30 13:59:23,395 [main] INFO  org.apache.hadoop.yarn.client.RMProxy - Connecting to ResourceManager at winter2023-comp421-1.cs.mcgill.ca/132.206.51.211:8032
2023-03-30 13:59:23,399 [main] INFO  org.apache.hadoop.mapred.ClientServiceDelegate - Application state is completed. FinalApplicationStatus=SUCCEEDED. Redirecting to job history server
2023-03-30 13:59:23,447 [main] INFO  org.apache.pig.tools.pigstats.mapreduce.MRScriptState - Pig script settings are added to the job
2023-03-30 13:59:23,448 [main] INFO  org.apache.pig.backend.hadoop.executionengine.mapReduceLayer.JobControlCompiler - mapred.job.reduce.markreset.buffer.percent is not set, set to default 0.3
2023-03-30 13:59:23,448 [main] INFO  org.apache.pig.backend.hadoop.executionengine.mapReduceLayer.JobControlCompiler - Reduce phase detected, estimating # of required reducers.
2023-03-30 13:59:23,450 [main] INFO  org.apache.pig.backend.hadoop.executionengine.mapReduceLayer.JobControlCompiler - Using reducer estimator: org.apache.pig.backend.hadoop.executionengine.mapReduceLayer.InputSizeReducerEstimator
2023-03-30 13:59:23,460 [main] INFO  org.apache.pig.backend.hadoop.executionengine.mapReduceLayer.InputSizeReducerEstimator - BytesPerReducer=1000000000 maxReducers=999 totalInputFileSize=2733301
2023-03-30 13:59:23,461 [main] INFO  org.apache.pig.backend.hadoop.executionengine.mapReduceLayer.JobControlCompiler - Setting Parallelism to 1
2023-03-30 13:59:23,461 [main] INFO  org.apache.pig.backend.hadoop.executionengine.mapReduceLayer.JobControlCompiler - This job cannot be converted run in-process
2023-03-30 13:59:23,537 [main] INFO  org.apache.pig.backend.hadoop.executionengine.mapReduceLayer.JobControlCompiler - Added jar file:/data/cs421/softwares/apache/pig-0.15.0/pig-0.15.0-core-h2.jar to DistributedCache through /tmp/temp1746310190/tmp1875475997/pig-0.15.0-core-h2.jar
2023-03-30 13:59:23,566 [main] INFO  org.apache.pig.backend.hadoop.executionengine.mapReduceLayer.JobControlCompiler - Added jar file:/data/cs421/softwares/apache/pig-0.15.0/lib/automaton-1.11-8.jar to DistributedCache through /tmp/temp1746310190/tmp887986763/automaton-1.11-8.jar
2023-03-30 13:59:23,594 [main] INFO  org.apache.pig.backend.hadoop.executionengine.mapReduceLayer.JobControlCompiler - Added jar file:/data/cs421/softwares/apache/pig-0.15.0/lib/antlr-runtime-3.4.jar to DistributedCache through /tmp/temp1746310190/tmp1873372466/antlr-runtime-3.4.jar
2023-03-30 13:59:23,631 [main] INFO  org.apache.pig.backend.hadoop.executionengine.mapReduceLayer.JobControlCompiler - Added jar file:/data/cs421/softwares/apache/pig-0.15.0/lib/joda-time-2.5.jar to DistributedCache through /tmp/temp1746310190/tmp-959149983/joda-time-2.5.jar
2023-03-30 13:59:23,645 [main] INFO  org.apache.pig.backend.hadoop.executionengine.mapReduceLayer.JobControlCompiler - Setting up single store job
2023-03-30 13:59:23,645 [main] INFO  org.apache.pig.data.SchemaTupleFrontend - Key [pig.schematuple] is false, will not generate code.
2023-03-30 13:59:23,646 [main] INFO  org.apache.pig.data.SchemaTupleFrontend - Starting process to move generated code to distributed cacche
2023-03-30 13:59:23,646 [main] INFO  org.apache.pig.data.SchemaTupleFrontend - Setting key [pig.schematuple.classes] with classes to deserialize []
2023-03-30 13:59:23,705 [main] INFO  org.apache.pig.backend.hadoop.executionengine.mapReduceLayer.MapReduceLauncher - 1 map-reduce job(s) waiting for submission.
2023-03-30 13:59:23,708 [JobControl] INFO  org.apache.hadoop.yarn.client.RMProxy - Connecting to ResourceManager at winter2023-comp421-1.cs.mcgill.ca/132.206.51.211:8032
2023-03-30 13:59:23,717 [JobControl] INFO  org.apache.hadoop.conf.Configuration.deprecation - fs.default.name is deprecated. Instead, use fs.defaultFS
2023-03-30 13:59:23,745 [JobControl] WARN  org.apache.hadoop.mapreduce.JobResourceUploader - No job jar file set.  User classes may not be found. See Job or Job#setJar(String).
2023-03-30 13:59:23,765 [JobControl] INFO  org.apache.hadoop.mapreduce.lib.input.FileInputFormat - Total input paths to process : 1
2023-03-30 13:59:23,766 [JobControl] INFO  org.apache.pig.backend.hadoop.executionengine.util.MapRedUtil - Total input paths to process : 1
2023-03-30 13:59:23,768 [JobControl] INFO  org.apache.pig.backend.hadoop.executionengine.util.MapRedUtil - Total input paths (combined) to process : 1
2023-03-30 13:59:23,775 [JobControl] INFO  org.apache.hadoop.mapreduce.lib.input.FileInputFormat - Total input paths to process : 1
2023-03-30 13:59:23,775 [JobControl] INFO  org.apache.pig.backend.hadoop.executionengine.util.MapRedUtil - Total input paths to process : 1
2023-03-30 13:59:23,775 [JobControl] INFO  org.apache.pig.backend.hadoop.executionengine.util.MapRedUtil - Total input paths (combined) to process : 1
2023-03-30 13:59:23,960 [JobControl] INFO  org.apache.hadoop.mapreduce.JobSubmitter - number of splits:2
2023-03-30 13:59:24,023 [JobControl] INFO  org.apache.hadoop.mapreduce.JobSubmitter - Submitting tokens for job: job_1679627889895_2506
2023-03-30 13:59:24,027 [JobControl] INFO  org.apache.hadoop.mapred.YARNRunner - Job jar is not present. Not adding any jar to the list of resources.
2023-03-30 13:59:24,049 [JobControl] INFO  org.apache.hadoop.yarn.client.api.impl.YarnClientImpl - Submitted application application_1679627889895_2506
2023-03-30 13:59:24,052 [JobControl] INFO  org.apache.hadoop.mapreduce.Job - The url to track the job: http://winter2023-comp421-1.cs.mcgill.ca:8088/proxy/application_1679627889895_2506/
2023-03-30 13:59:24,207 [main] INFO  org.apache.pig.backend.hadoop.executionengine.mapReduceLayer.MapReduceLauncher - HadoopJobId: job_1679627889895_2506
2023-03-30 13:59:24,207 [main] INFO  org.apache.pig.backend.hadoop.executionengine.mapReduceLayer.MapReduceLauncher - Processing aliases jnd,ratings
2023-03-30 13:59:24,207 [main] INFO  org.apache.pig.backend.hadoop.executionengine.mapReduceLayer.MapReduceLauncher - detailed locations: M: jnd[10,6],ratings[8,10],ratings[-1,-1],jnd[10,6] C:  R: 
2023-03-30 13:59:43,088 [JobControl] INFO  org.apache.hadoop.mapred.ClientServiceDelegate - Application state is completed. FinalApplicationStatus=SUCCEEDED. Redirecting to job history server
2023-03-30 13:59:43,124 [main] INFO  org.apache.pig.backend.hadoop.executionengine.mapReduceLayer.MapReduceLauncher - 22% complete
2023-03-30 13:59:43,128 [main] INFO  org.apache.hadoop.yarn.client.RMProxy - Connecting to ResourceManager at winter2023-comp421-1.cs.mcgill.ca/132.206.51.211:8032
2023-03-30 13:59:43,130 [main] INFO  org.apache.hadoop.mapred.ClientServiceDelegate - Application state is completed. FinalApplicationStatus=SUCCEEDED. Redirecting to job history server
2023-03-30 13:59:43,160 [main] INFO  org.apache.hadoop.yarn.client.RMProxy - Connecting to ResourceManager at winter2023-comp421-1.cs.mcgill.ca/132.206.51.211:8032
2023-03-30 13:59:43,163 [main] INFO  org.apache.hadoop.mapred.ClientServiceDelegate - Application state is completed. FinalApplicationStatus=SUCCEEDED. Redirecting to job history server
2023-03-30 13:59:43,194 [main] INFO  org.apache.hadoop.yarn.client.RMProxy - Connecting to ResourceManager at winter2023-comp421-1.cs.mcgill.ca/132.206.51.211:8032
2023-03-30 13:59:43,197 [main] INFO  org.apache.hadoop.mapred.ClientServiceDelegate - Application state is completed. FinalApplicationStatus=SUCCEEDED. Redirecting to job history server
2023-03-30 13:59:43,233 [main] INFO  org.apache.pig.tools.pigstats.mapreduce.MRScriptState - Pig script settings are added to the job
2023-03-30 13:59:43,234 [main] INFO  org.apache.pig.backend.hadoop.executionengine.mapReduceLayer.JobControlCompiler - mapred.job.reduce.markreset.buffer.percent is not set, set to default 0.3
2023-03-30 13:59:43,234 [main] INFO  org.apache.pig.backend.hadoop.executionengine.mapReduceLayer.JobControlCompiler - Reduce phase detected, estimating # of required reducers.
2023-03-30 13:59:43,234 [main] INFO  org.apache.pig.backend.hadoop.executionengine.mapReduceLayer.JobControlCompiler - Using reducer estimator: org.apache.pig.backend.hadoop.executionengine.mapReduceLayer.InputSizeReducerEstimator
2023-03-30 13:59:43,238 [main] INFO  org.apache.pig.backend.hadoop.executionengine.mapReduceLayer.InputSizeReducerEstimator - BytesPerReducer=1000000000 maxReducers=999 totalInputFileSize=5771930
2023-03-30 13:59:43,238 [main] INFO  org.apache.pig.backend.hadoop.executionengine.mapReduceLayer.JobControlCompiler - Setting Parallelism to 1
2023-03-30 13:59:43,238 [main] INFO  org.apache.pig.backend.hadoop.executionengine.mapReduceLayer.JobControlCompiler - This job cannot be converted run in-process
2023-03-30 13:59:43,374 [main] INFO  org.apache.pig.backend.hadoop.executionengine.mapReduceLayer.JobControlCompiler - Added jar file:/data/cs421/softwares/apache/pig-0.15.0/pig-0.15.0-core-h2.jar to DistributedCache through /tmp/temp1746310190/tmp719559808/pig-0.15.0-core-h2.jar
2023-03-30 13:59:43,417 [main] INFO  org.apache.pig.backend.hadoop.executionengine.mapReduceLayer.JobControlCompiler - Added jar file:/data/cs421/softwares/apache/pig-0.15.0/lib/automaton-1.11-8.jar to DistributedCache through /tmp/temp1746310190/tmp-170523863/automaton-1.11-8.jar
2023-03-30 13:59:43,454 [main] INFO  org.apache.pig.backend.hadoop.executionengine.mapReduceLayer.JobControlCompiler - Added jar file:/data/cs421/softwares/apache/pig-0.15.0/lib/antlr-runtime-3.4.jar to DistributedCache through /tmp/temp1746310190/tmp1666375508/antlr-runtime-3.4.jar
2023-03-30 13:59:43,591 [main] INFO  org.apache.pig.backend.hadoop.executionengine.mapReduceLayer.JobControlCompiler - Added jar file:/data/cs421/softwares/apache/pig-0.15.0/lib/joda-time-2.5.jar to DistributedCache through /tmp/temp1746310190/tmp1453451247/joda-time-2.5.jar
2023-03-30 13:59:43,600 [main] INFO  org.apache.pig.backend.hadoop.executionengine.mapReduceLayer.JobControlCompiler - Setting up single store job
2023-03-30 13:59:43,600 [main] INFO  org.apache.pig.data.SchemaTupleFrontend - Key [pig.schematuple] is false, will not generate code.
2023-03-30 13:59:43,600 [main] INFO  org.apache.pig.data.SchemaTupleFrontend - Starting process to move generated code to distributed cacche
2023-03-30 13:59:43,601 [main] INFO  org.apache.pig.data.SchemaTupleFrontend - Setting key [pig.schematuple.classes] with classes to deserialize []
2023-03-30 13:59:43,624 [main] INFO  org.apache.pig.backend.hadoop.executionengine.mapReduceLayer.MapReduceLauncher - 1 map-reduce job(s) waiting for submission.
2023-03-30 13:59:43,627 [JobControl] INFO  org.apache.hadoop.yarn.client.RMProxy - Connecting to ResourceManager at winter2023-comp421-1.cs.mcgill.ca/132.206.51.211:8032
2023-03-30 13:59:43,632 [JobControl] INFO  org.apache.hadoop.conf.Configuration.deprecation - fs.default.name is deprecated. Instead, use fs.defaultFS
2023-03-30 13:59:43,691 [JobControl] WARN  org.apache.hadoop.mapreduce.JobResourceUploader - No job jar file set.  User classes may not be found. See Job or Job#setJar(String).
2023-03-30 13:59:43,719 [JobControl] INFO  org.apache.hadoop.mapreduce.lib.input.FileInputFormat - Total input paths to process : 1
2023-03-30 13:59:43,719 [JobControl] INFO  org.apache.pig.backend.hadoop.executionengine.util.MapRedUtil - Total input paths to process : 1
2023-03-30 13:59:43,719 [JobControl] INFO  org.apache.pig.backend.hadoop.executionengine.util.MapRedUtil - Total input paths (combined) to process : 1
2023-03-30 13:59:43,796 [JobControl] INFO  org.apache.hadoop.mapreduce.JobSubmitter - number of splits:1
2023-03-30 13:59:43,845 [JobControl] INFO  org.apache.hadoop.mapreduce.JobSubmitter - Submitting tokens for job: job_1679627889895_2507
2023-03-30 13:59:43,848 [JobControl] INFO  org.apache.hadoop.mapred.YARNRunner - Job jar is not present. Not adding any jar to the list of resources.
2023-03-30 13:59:43,863 [JobControl] INFO  org.apache.hadoop.yarn.client.api.impl.YarnClientImpl - Submitted application application_1679627889895_2507
2023-03-30 13:59:43,865 [JobControl] INFO  org.apache.hadoop.mapreduce.Job - The url to track the job: http://winter2023-comp421-1.cs.mcgill.ca:8088/proxy/application_1679627889895_2507/
2023-03-30 13:59:44,126 [main] INFO  org.apache.pig.backend.hadoop.executionengine.mapReduceLayer.MapReduceLauncher - HadoopJobId: job_1679627889895_2507
2023-03-30 13:59:44,126 [main] INFO  org.apache.pig.backend.hadoop.executionengine.mapReduceLayer.MapReduceLauncher - Processing aliases grpd,rslt
2023-03-30 13:59:44,126 [main] INFO  org.apache.pig.backend.hadoop.executionengine.mapReduceLayer.MapReduceLauncher - detailed locations: M: rslt[12,7],grpd[11,7] C: rslt[12,7],grpd[11,7] R: rslt[12,7]
2023-03-30 14:00:05,807 [main] INFO  org.apache.hadoop.mapred.ClientServiceDelegate - Application state is completed. FinalApplicationStatus=SUCCEEDED. Redirecting to job history server
2023-03-30 14:00:05,857 [main] INFO  org.apache.pig.backend.hadoop.executionengine.mapReduceLayer.MapReduceLauncher - 33% complete
2023-03-30 14:00:05,860 [main] INFO  org.apache.hadoop.yarn.client.RMProxy - Connecting to ResourceManager at winter2023-comp421-1.cs.mcgill.ca/132.206.51.211:8032
2023-03-30 14:00:05,863 [main] INFO  org.apache.hadoop.mapred.ClientServiceDelegate - Application state is completed. FinalApplicationStatus=SUCCEEDED. Redirecting to job history server
2023-03-30 14:00:05,892 [main] INFO  org.apache.hadoop.yarn.client.RMProxy - Connecting to ResourceManager at winter2023-comp421-1.cs.mcgill.ca/132.206.51.211:8032
2023-03-30 14:00:05,895 [main] INFO  org.apache.hadoop.mapred.ClientServiceDelegate - Application state is completed. FinalApplicationStatus=SUCCEEDED. Redirecting to job history server
2023-03-30 14:00:05,931 [main] INFO  org.apache.hadoop.yarn.client.RMProxy - Connecting to ResourceManager at winter2023-comp421-1.cs.mcgill.ca/132.206.51.211:8032
2023-03-30 14:00:05,934 [main] INFO  org.apache.hadoop.mapred.ClientServiceDelegate - Application state is completed. FinalApplicationStatus=SUCCEEDED. Redirecting to job history server
2023-03-30 14:00:05,963 [main] INFO  org.apache.pig.tools.pigstats.mapreduce.MRScriptState - Pig script settings are added to the job
2023-03-30 14:00:05,963 [main] INFO  org.apache.pig.backend.hadoop.executionengine.mapReduceLayer.JobControlCompiler - mapred.job.reduce.markreset.buffer.percent is not set, set to default 0.3
2023-03-30 14:00:05,964 [main] INFO  org.apache.pig.backend.hadoop.executionengine.mapReduceLayer.JobControlCompiler - Reduce phase detected, estimating # of required reducers.
2023-03-30 14:00:05,964 [main] INFO  org.apache.pig.backend.hadoop.executionengine.mapReduceLayer.JobControlCompiler - Using reducer estimator: org.apache.pig.backend.hadoop.executionengine.mapReduceLayer.InputSizeReducerEstimator
2023-03-30 14:00:05,968 [main] INFO  org.apache.pig.backend.hadoop.executionengine.mapReduceLayer.InputSizeReducerEstimator - BytesPerReducer=1000000000 maxReducers=999 totalInputFileSize=84393
2023-03-30 14:00:05,969 [main] INFO  org.apache.pig.backend.hadoop.executionengine.mapReduceLayer.JobControlCompiler - Setting Parallelism to 1
2023-03-30 14:00:05,969 [main] INFO  org.apache.pig.backend.hadoop.executionengine.mapReduceLayer.JobControlCompiler - This job cannot be converted run in-process
2023-03-30 14:00:06,062 [main] INFO  org.apache.pig.backend.hadoop.executionengine.mapReduceLayer.JobControlCompiler - Added jar file:/data/cs421/softwares/apache/pig-0.15.0/pig-0.15.0-core-h2.jar to DistributedCache through /tmp/temp1746310190/tmp-371783305/pig-0.15.0-core-h2.jar
2023-03-30 14:00:06,092 [main] INFO  org.apache.pig.backend.hadoop.executionengine.mapReduceLayer.JobControlCompiler - Added jar file:/data/cs421/softwares/apache/pig-0.15.0/lib/automaton-1.11-8.jar to DistributedCache through /tmp/temp1746310190/tmp-74442880/automaton-1.11-8.jar
2023-03-30 14:00:06,144 [main] INFO  org.apache.pig.backend.hadoop.executionengine.mapReduceLayer.JobControlCompiler - Added jar file:/data/cs421/softwares/apache/pig-0.15.0/lib/antlr-runtime-3.4.jar to DistributedCache through /tmp/temp1746310190/tmp-2100789278/antlr-runtime-3.4.jar
2023-03-30 14:00:06,184 [main] INFO  org.apache.pig.backend.hadoop.executionengine.mapReduceLayer.JobControlCompiler - Added jar file:/data/cs421/softwares/apache/pig-0.15.0/lib/joda-time-2.5.jar to DistributedCache through /tmp/temp1746310190/tmp1340114462/joda-time-2.5.jar
2023-03-30 14:00:06,190 [main] INFO  org.apache.pig.backend.hadoop.executionengine.mapReduceLayer.JobControlCompiler - Setting up single store job
2023-03-30 14:00:06,191 [main] INFO  org.apache.pig.data.SchemaTupleFrontend - Key [pig.schematuple] is false, will not generate code.
2023-03-30 14:00:06,191 [main] INFO  org.apache.pig.data.SchemaTupleFrontend - Starting process to move generated code to distributed cacche
2023-03-30 14:00:06,191 [main] INFO  org.apache.pig.data.SchemaTupleFrontend - Setting key [pig.schematuple.classes] with classes to deserialize []
2023-03-30 14:00:06,207 [main] INFO  org.apache.pig.backend.hadoop.executionengine.mapReduceLayer.MapReduceLauncher - 1 map-reduce job(s) waiting for submission.
2023-03-30 14:00:06,211 [JobControl] INFO  org.apache.hadoop.yarn.client.RMProxy - Connecting to ResourceManager at winter2023-comp421-1.cs.mcgill.ca/132.206.51.211:8032
2023-03-30 14:00:06,216 [JobControl] INFO  org.apache.hadoop.conf.Configuration.deprecation - fs.default.name is deprecated. Instead, use fs.defaultFS
2023-03-30 14:00:06,240 [JobControl] WARN  org.apache.hadoop.mapreduce.JobResourceUploader - No job jar file set.  User classes may not be found. See Job or Job#setJar(String).
2023-03-30 14:00:06,264 [JobControl] INFO  org.apache.hadoop.mapreduce.lib.input.FileInputFormat - Total input paths to process : 1
2023-03-30 14:00:06,264 [JobControl] INFO  org.apache.pig.backend.hadoop.executionengine.util.MapRedUtil - Total input paths to process : 1
2023-03-30 14:00:06,264 [JobControl] INFO  org.apache.pig.backend.hadoop.executionengine.util.MapRedUtil - Total input paths (combined) to process : 1
2023-03-30 14:00:06,355 [JobControl] INFO  org.apache.hadoop.mapreduce.JobSubmitter - number of splits:1
2023-03-30 14:00:06,406 [JobControl] INFO  org.apache.hadoop.mapreduce.JobSubmitter - Submitting tokens for job: job_1679627889895_2508
2023-03-30 14:00:06,413 [JobControl] INFO  org.apache.hadoop.mapred.YARNRunner - Job jar is not present. Not adding any jar to the list of resources.
2023-03-30 14:00:06,438 [JobControl] INFO  org.apache.hadoop.yarn.client.api.impl.YarnClientImpl - Submitted application application_1679627889895_2508
2023-03-30 14:00:06,442 [JobControl] INFO  org.apache.hadoop.mapreduce.Job - The url to track the job: http://winter2023-comp421-1.cs.mcgill.ca:8088/proxy/application_1679627889895_2508/
2023-03-30 14:00:06,708 [main] INFO  org.apache.pig.backend.hadoop.executionengine.mapReduceLayer.MapReduceLauncher - HadoopJobId: job_1679627889895_2508
2023-03-30 14:00:06,709 [main] INFO  org.apache.pig.backend.hadoop.executionengine.mapReduceLayer.MapReduceLauncher - Processing aliases srtd
2023-03-30 14:00:06,709 [main] INFO  org.apache.pig.backend.hadoop.executionengine.mapReduceLayer.MapReduceLauncher - detailed locations: M: srtd[13,7] C:  R: 
2023-03-30 14:00:27,243 [main] INFO  org.apache.hadoop.mapred.ClientServiceDelegate - Application state is completed. FinalApplicationStatus=SUCCEEDED. Redirecting to job history server
2023-03-30 14:00:27,284 [main] INFO  org.apache.pig.backend.hadoop.executionengine.mapReduceLayer.MapReduceLauncher - 44% complete
2023-03-30 14:00:27,291 [main] INFO  org.apache.hadoop.yarn.client.RMProxy - Connecting to ResourceManager at winter2023-comp421-1.cs.mcgill.ca/132.206.51.211:8032
2023-03-30 14:00:27,295 [main] INFO  org.apache.hadoop.mapred.ClientServiceDelegate - Application state is completed. FinalApplicationStatus=SUCCEEDED. Redirecting to job history server
2023-03-30 14:00:27,327 [main] INFO  org.apache.hadoop.yarn.client.RMProxy - Connecting to ResourceManager at winter2023-comp421-1.cs.mcgill.ca/132.206.51.211:8032
2023-03-30 14:00:27,331 [main] INFO  org.apache.hadoop.mapred.ClientServiceDelegate - Application state is completed. FinalApplicationStatus=SUCCEEDED. Redirecting to job history server
2023-03-30 14:00:27,358 [main] INFO  org.apache.hadoop.yarn.client.RMProxy - Connecting to ResourceManager at winter2023-comp421-1.cs.mcgill.ca/132.206.51.211:8032
2023-03-30 14:00:27,363 [main] INFO  org.apache.hadoop.mapred.ClientServiceDelegate - Application state is completed. FinalApplicationStatus=SUCCEEDED. Redirecting to job history server
2023-03-30 14:00:27,391 [main] INFO  org.apache.pig.tools.pigstats.mapreduce.MRScriptState - Pig script settings are added to the job
2023-03-30 14:00:27,391 [main] INFO  org.apache.pig.backend.hadoop.executionengine.mapReduceLayer.JobControlCompiler - mapred.job.reduce.markreset.buffer.percent is not set, set to default 0.3
2023-03-30 14:00:27,391 [main] INFO  org.apache.pig.backend.hadoop.executionengine.mapReduceLayer.JobControlCompiler - Reduce phase detected, estimating # of required reducers.
2023-03-30 14:00:27,391 [main] INFO  org.apache.pig.backend.hadoop.executionengine.mapReduceLayer.JobControlCompiler - Setting Parallelism to 1
2023-03-30 14:00:27,391 [main] INFO  org.apache.pig.backend.hadoop.executionengine.mapReduceLayer.JobControlCompiler - This job cannot be converted run in-process
2023-03-30 14:00:27,474 [main] INFO  org.apache.pig.backend.hadoop.executionengine.mapReduceLayer.JobControlCompiler - Added jar file:/data/cs421/softwares/apache/pig-0.15.0/pig-0.15.0-core-h2.jar to DistributedCache through /tmp/temp1746310190/tmp2093043790/pig-0.15.0-core-h2.jar
2023-03-30 14:00:27,502 [main] INFO  org.apache.pig.backend.hadoop.executionengine.mapReduceLayer.JobControlCompiler - Added jar file:/data/cs421/softwares/apache/pig-0.15.0/lib/automaton-1.11-8.jar to DistributedCache through /tmp/temp1746310190/tmp-1580393521/automaton-1.11-8.jar
2023-03-30 14:00:27,531 [main] INFO  org.apache.pig.backend.hadoop.executionengine.mapReduceLayer.JobControlCompiler - Added jar file:/data/cs421/softwares/apache/pig-0.15.0/lib/antlr-runtime-3.4.jar to DistributedCache through /tmp/temp1746310190/tmp-351090233/antlr-runtime-3.4.jar
2023-03-30 14:00:27,559 [main] INFO  org.apache.pig.backend.hadoop.executionengine.mapReduceLayer.JobControlCompiler - Added jar file:/data/cs421/softwares/apache/pig-0.15.0/lib/joda-time-2.5.jar to DistributedCache through /tmp/temp1746310190/tmp-1129447387/joda-time-2.5.jar
2023-03-30 14:00:27,566 [main] INFO  org.apache.pig.backend.hadoop.executionengine.mapReduceLayer.JobControlCompiler - Setting up single store job
2023-03-30 14:00:27,567 [main] INFO  org.apache.pig.data.SchemaTupleFrontend - Key [pig.schematuple] is false, will not generate code.
2023-03-30 14:00:27,567 [main] INFO  org.apache.pig.data.SchemaTupleFrontend - Starting process to move generated code to distributed cacche
2023-03-30 14:00:27,567 [main] INFO  org.apache.pig.data.SchemaTupleFrontend - Setting key [pig.schematuple.classes] with classes to deserialize []
2023-03-30 14:00:27,583 [main] INFO  org.apache.pig.backend.hadoop.executionengine.mapReduceLayer.MapReduceLauncher - 1 map-reduce job(s) waiting for submission.
2023-03-30 14:00:27,585 [JobControl] INFO  org.apache.hadoop.yarn.client.RMProxy - Connecting to ResourceManager at winter2023-comp421-1.cs.mcgill.ca/132.206.51.211:8032
2023-03-30 14:00:27,589 [JobControl] INFO  org.apache.hadoop.conf.Configuration.deprecation - fs.default.name is deprecated. Instead, use fs.defaultFS
2023-03-30 14:00:27,605 [JobControl] WARN  org.apache.hadoop.mapreduce.JobResourceUploader - No job jar file set.  User classes may not be found. See Job or Job#setJar(String).
2023-03-30 14:00:27,633 [JobControl] INFO  org.apache.hadoop.mapreduce.lib.input.FileInputFormat - Total input paths to process : 1
2023-03-30 14:00:27,633 [JobControl] INFO  org.apache.pig.backend.hadoop.executionengine.util.MapRedUtil - Total input paths to process : 1
2023-03-30 14:00:27,633 [JobControl] INFO  org.apache.pig.backend.hadoop.executionengine.util.MapRedUtil - Total input paths (combined) to process : 1
2023-03-30 14:00:27,725 [JobControl] INFO  org.apache.hadoop.mapreduce.JobSubmitter - number of splits:1
2023-03-30 14:00:27,765 [JobControl] INFO  org.apache.hadoop.mapreduce.JobSubmitter - Submitting tokens for job: job_1679627889895_2509
2023-03-30 14:00:27,769 [JobControl] INFO  org.apache.hadoop.mapred.YARNRunner - Job jar is not present. Not adding any jar to the list of resources.
2023-03-30 14:00:27,797 [JobControl] INFO  org.apache.hadoop.yarn.client.api.impl.YarnClientImpl - Submitted application application_1679627889895_2509
2023-03-30 14:00:27,799 [JobControl] INFO  org.apache.hadoop.mapreduce.Job - The url to track the job: http://winter2023-comp421-1.cs.mcgill.ca:8088/proxy/application_1679627889895_2509/
2023-03-30 14:00:28,084 [main] INFO  org.apache.pig.backend.hadoop.executionengine.mapReduceLayer.MapReduceLauncher - HadoopJobId: job_1679627889895_2509
2023-03-30 14:00:28,084 [main] INFO  org.apache.pig.backend.hadoop.executionengine.mapReduceLayer.MapReduceLauncher - Processing aliases srtd
2023-03-30 14:00:28,084 [main] INFO  org.apache.pig.backend.hadoop.executionengine.mapReduceLayer.MapReduceLauncher - detailed locations: M: srtd[13,7] C:  R: 
2023-03-30 14:00:45,313 [main] INFO  org.apache.hadoop.mapred.ClientServiceDelegate - Application state is completed. FinalApplicationStatus=SUCCEEDED. Redirecting to job history server
2023-03-30 14:00:45,367 [main] INFO  org.apache.pig.backend.hadoop.executionengine.mapReduceLayer.MapReduceLauncher - 55% complete
2023-03-30 14:00:45,373 [main] INFO  org.apache.hadoop.yarn.client.RMProxy - Connecting to ResourceManager at winter2023-comp421-1.cs.mcgill.ca/132.206.51.211:8032
2023-03-30 14:00:45,376 [main] INFO  org.apache.hadoop.mapred.ClientServiceDelegate - Application state is completed. FinalApplicationStatus=SUCCEEDED. Redirecting to job history server
2023-03-30 14:00:45,403 [main] INFO  org.apache.hadoop.yarn.client.RMProxy - Connecting to ResourceManager at winter2023-comp421-1.cs.mcgill.ca/132.206.51.211:8032
2023-03-30 14:00:45,406 [main] INFO  org.apache.hadoop.mapred.ClientServiceDelegate - Application state is completed. FinalApplicationStatus=SUCCEEDED. Redirecting to job history server
2023-03-30 14:00:45,436 [main] INFO  org.apache.hadoop.yarn.client.RMProxy - Connecting to ResourceManager at winter2023-comp421-1.cs.mcgill.ca/132.206.51.211:8032
2023-03-30 14:00:45,439 [main] INFO  org.apache.hadoop.mapred.ClientServiceDelegate - Application state is completed. FinalApplicationStatus=SUCCEEDED. Redirecting to job history server
2023-03-30 14:00:45,465 [main] INFO  org.apache.pig.tools.pigstats.mapreduce.MRScriptState - Pig script settings are added to the job
2023-03-30 14:00:45,465 [main] INFO  org.apache.pig.backend.hadoop.executionengine.mapReduceLayer.JobControlCompiler - mapred.job.reduce.markreset.buffer.percent is not set, set to default 0.3
2023-03-30 14:00:45,465 [main] INFO  org.apache.pig.backend.hadoop.executionengine.mapReduceLayer.JobControlCompiler - Reduce phase detected, estimating # of required reducers.
2023-03-30 14:00:45,465 [main] INFO  org.apache.pig.backend.hadoop.executionengine.mapReduceLayer.JobControlCompiler - Setting Parallelism to 1
2023-03-30 14:00:45,465 [main] INFO  org.apache.pig.backend.hadoop.executionengine.mapReduceLayer.JobControlCompiler - This job cannot be converted run in-process
2023-03-30 14:00:45,545 [main] INFO  org.apache.pig.backend.hadoop.executionengine.mapReduceLayer.JobControlCompiler - Added jar file:/data/cs421/softwares/apache/pig-0.15.0/pig-0.15.0-core-h2.jar to DistributedCache through /tmp/temp1746310190/tmp-753745754/pig-0.15.0-core-h2.jar
2023-03-30 14:00:45,580 [main] INFO  org.apache.pig.backend.hadoop.executionengine.mapReduceLayer.JobControlCompiler - Added jar file:/data/cs421/softwares/apache/pig-0.15.0/lib/automaton-1.11-8.jar to DistributedCache through /tmp/temp1746310190/tmp-1078052949/automaton-1.11-8.jar
2023-03-30 14:00:45,614 [main] INFO  org.apache.pig.backend.hadoop.executionengine.mapReduceLayer.JobControlCompiler - Added jar file:/data/cs421/softwares/apache/pig-0.15.0/lib/antlr-runtime-3.4.jar to DistributedCache through /tmp/temp1746310190/tmp2079341213/antlr-runtime-3.4.jar
2023-03-30 14:00:45,657 [main] INFO  org.apache.pig.backend.hadoop.executionengine.mapReduceLayer.JobControlCompiler - Added jar file:/data/cs421/softwares/apache/pig-0.15.0/lib/joda-time-2.5.jar to DistributedCache through /tmp/temp1746310190/tmp-38611295/joda-time-2.5.jar
2023-03-30 14:00:45,664 [main] INFO  org.apache.pig.backend.hadoop.executionengine.mapReduceLayer.JobControlCompiler - Setting up single store job
2023-03-30 14:00:45,664 [main] INFO  org.apache.pig.data.SchemaTupleFrontend - Key [pig.schematuple] is false, will not generate code.
2023-03-30 14:00:45,664 [main] INFO  org.apache.pig.data.SchemaTupleFrontend - Starting process to move generated code to distributed cacche
2023-03-30 14:00:45,664 [main] INFO  org.apache.pig.data.SchemaTupleFrontend - Setting key [pig.schematuple.classes] with classes to deserialize []
2023-03-30 14:00:45,672 [main] INFO  org.apache.pig.backend.hadoop.executionengine.mapReduceLayer.MapReduceLauncher - 1 map-reduce job(s) waiting for submission.
2023-03-30 14:00:45,677 [JobControl] INFO  org.apache.hadoop.yarn.client.RMProxy - Connecting to ResourceManager at winter2023-comp421-1.cs.mcgill.ca/132.206.51.211:8032
2023-03-30 14:00:45,682 [JobControl] INFO  org.apache.hadoop.conf.Configuration.deprecation - fs.default.name is deprecated. Instead, use fs.defaultFS
2023-03-30 14:00:45,699 [JobControl] WARN  org.apache.hadoop.mapreduce.JobResourceUploader - No job jar file set.  User classes may not be found. See Job or Job#setJar(String).
2023-03-30 14:00:45,726 [JobControl] INFO  org.apache.hadoop.mapreduce.lib.input.FileInputFormat - Total input paths to process : 1
2023-03-30 14:00:45,726 [JobControl] INFO  org.apache.pig.backend.hadoop.executionengine.util.MapRedUtil - Total input paths to process : 1
2023-03-30 14:00:45,726 [JobControl] INFO  org.apache.pig.backend.hadoop.executionengine.util.MapRedUtil - Total input paths (combined) to process : 1
2023-03-30 14:00:45,808 [JobControl] INFO  org.apache.hadoop.mapreduce.JobSubmitter - number of splits:1
2023-03-30 14:00:45,851 [JobControl] INFO  org.apache.hadoop.mapreduce.JobSubmitter - Submitting tokens for job: job_1679627889895_2510
2023-03-30 14:00:45,855 [JobControl] INFO  org.apache.hadoop.mapred.YARNRunner - Job jar is not present. Not adding any jar to the list of resources.
2023-03-30 14:00:46,078 [JobControl] INFO  org.apache.hadoop.yarn.client.api.impl.YarnClientImpl - Submitted application application_1679627889895_2510
2023-03-30 14:00:46,081 [JobControl] INFO  org.apache.hadoop.mapreduce.Job - The url to track the job: http://winter2023-comp421-1.cs.mcgill.ca:8088/proxy/application_1679627889895_2510/
2023-03-30 14:00:46,176 [main] INFO  org.apache.pig.backend.hadoop.executionengine.mapReduceLayer.MapReduceLauncher - HadoopJobId: job_1679627889895_2510
2023-03-30 14:00:46,176 [main] INFO  org.apache.pig.backend.hadoop.executionengine.mapReduceLayer.MapReduceLauncher - Processing aliases srtd
2023-03-30 14:00:46,176 [main] INFO  org.apache.pig.backend.hadoop.executionengine.mapReduceLayer.MapReduceLauncher - detailed locations: M: srtd[13,7] C:  R: 
2023-03-30 14:01:03,927 [main] INFO  org.apache.hadoop.mapred.ClientServiceDelegate - Application state is completed. FinalApplicationStatus=SUCCEEDED. Redirecting to job history server
2023-03-30 14:01:03,977 [main] INFO  org.apache.pig.backend.hadoop.executionengine.mapReduceLayer.MapReduceLauncher - 66% complete
2023-03-30 14:01:03,985 [main] INFO  org.apache.hadoop.yarn.client.RMProxy - Connecting to ResourceManager at winter2023-comp421-1.cs.mcgill.ca/132.206.51.211:8032
2023-03-30 14:01:03,999 [main] INFO  org.apache.hadoop.mapred.ClientServiceDelegate - Application state is completed. FinalApplicationStatus=SUCCEEDED. Redirecting to job history server
2023-03-30 14:01:04,033 [main] INFO  org.apache.hadoop.yarn.client.RMProxy - Connecting to ResourceManager at winter2023-comp421-1.cs.mcgill.ca/132.206.51.211:8032
2023-03-30 14:01:04,036 [main] INFO  org.apache.hadoop.mapred.ClientServiceDelegate - Application state is completed. FinalApplicationStatus=SUCCEEDED. Redirecting to job history server
2023-03-30 14:01:04,127 [main] INFO  org.apache.hadoop.yarn.client.RMProxy - Connecting to ResourceManager at winter2023-comp421-1.cs.mcgill.ca/132.206.51.211:8032
2023-03-30 14:01:04,130 [main] INFO  org.apache.hadoop.mapred.ClientServiceDelegate - Application state is completed. FinalApplicationStatus=SUCCEEDED. Redirecting to job history server
2023-03-30 14:01:04,158 [main] INFO  org.apache.pig.tools.pigstats.mapreduce.MRScriptState - Pig script settings are added to the job
2023-03-30 14:01:04,159 [main] INFO  org.apache.pig.backend.hadoop.executionengine.mapReduceLayer.JobControlCompiler - mapred.job.reduce.markreset.buffer.percent is not set, set to default 0.3
2023-03-30 14:01:04,159 [main] INFO  org.apache.pig.backend.hadoop.executionengine.mapReduceLayer.JobControlCompiler - Reduce phase detected, estimating # of required reducers.
2023-03-30 14:01:04,159 [main] INFO  org.apache.pig.backend.hadoop.executionengine.mapReduceLayer.JobControlCompiler - Using reducer estimator: org.apache.pig.backend.hadoop.executionengine.mapReduceLayer.InputSizeReducerEstimator
2023-03-30 14:01:04,167 [main] INFO  org.apache.pig.backend.hadoop.executionengine.mapReduceLayer.InputSizeReducerEstimator - BytesPerReducer=1000000000 maxReducers=999 totalInputFileSize=295273
2023-03-30 14:01:04,167 [main] INFO  org.apache.pig.backend.hadoop.executionengine.mapReduceLayer.JobControlCompiler - Setting Parallelism to 1
2023-03-30 14:01:04,167 [main] INFO  org.apache.pig.backend.hadoop.executionengine.mapReduceLayer.JobControlCompiler - This job cannot be converted run in-process
2023-03-30 14:01:04,256 [main] INFO  org.apache.pig.backend.hadoop.executionengine.mapReduceLayer.JobControlCompiler - Added jar file:/data/cs421/softwares/apache/pig-0.15.0/pig-0.15.0-core-h2.jar to DistributedCache through /tmp/temp1746310190/tmp746746812/pig-0.15.0-core-h2.jar
2023-03-30 14:01:04,293 [main] INFO  org.apache.pig.backend.hadoop.executionengine.mapReduceLayer.JobControlCompiler - Added jar file:/data/cs421/softwares/apache/pig-0.15.0/lib/automaton-1.11-8.jar to DistributedCache through /tmp/temp1746310190/tmp-1889154130/automaton-1.11-8.jar
2023-03-30 14:01:04,333 [main] INFO  org.apache.pig.backend.hadoop.executionengine.mapReduceLayer.JobControlCompiler - Added jar file:/data/cs421/softwares/apache/pig-0.15.0/lib/antlr-runtime-3.4.jar to DistributedCache through /tmp/temp1746310190/tmp1033902999/antlr-runtime-3.4.jar
2023-03-30 14:01:04,373 [main] INFO  org.apache.pig.backend.hadoop.executionengine.mapReduceLayer.JobControlCompiler - Added jar file:/data/cs421/softwares/apache/pig-0.15.0/lib/joda-time-2.5.jar to DistributedCache through /tmp/temp1746310190/tmp-1554368855/joda-time-2.5.jar
2023-03-30 14:01:04,379 [main] INFO  org.apache.pig.backend.hadoop.executionengine.mapReduceLayer.JobControlCompiler - Setting up single store job
2023-03-30 14:01:04,379 [main] INFO  org.apache.pig.data.SchemaTupleFrontend - Key [pig.schematuple] is false, will not generate code.
2023-03-30 14:01:04,379 [main] INFO  org.apache.pig.data.SchemaTupleFrontend - Starting process to move generated code to distributed cacche
2023-03-30 14:01:04,380 [main] INFO  org.apache.pig.data.SchemaTupleFrontend - Setting key [pig.schematuple.classes] with classes to deserialize []
2023-03-30 14:01:04,387 [main] INFO  org.apache.pig.backend.hadoop.executionengine.mapReduceLayer.MapReduceLauncher - 1 map-reduce job(s) waiting for submission.
2023-03-30 14:01:04,389 [JobControl] INFO  org.apache.hadoop.yarn.client.RMProxy - Connecting to ResourceManager at winter2023-comp421-1.cs.mcgill.ca/132.206.51.211:8032
2023-03-30 14:01:04,394 [JobControl] INFO  org.apache.hadoop.conf.Configuration.deprecation - fs.default.name is deprecated. Instead, use fs.defaultFS
2023-03-30 14:01:04,414 [JobControl] WARN  org.apache.hadoop.mapreduce.JobResourceUploader - No job jar file set.  User classes may not be found. See Job or Job#setJar(String).
2023-03-30 14:01:04,436 [JobControl] INFO  org.apache.hadoop.mapreduce.lib.input.FileInputFormat - Total input paths to process : 1
2023-03-30 14:01:04,436 [JobControl] INFO  org.apache.pig.backend.hadoop.executionengine.util.MapRedUtil - Total input paths to process : 1
2023-03-30 14:01:04,436 [JobControl] INFO  org.apache.pig.backend.hadoop.executionengine.util.MapRedUtil - Total input paths (combined) to process : 1
2023-03-30 14:01:04,440 [JobControl] INFO  org.apache.hadoop.mapreduce.lib.input.FileInputFormat - Total input paths to process : 1
2023-03-30 14:01:04,440 [JobControl] INFO  org.apache.pig.backend.hadoop.executionengine.util.MapRedUtil - Total input paths to process : 1
2023-03-30 14:01:04,440 [JobControl] INFO  org.apache.pig.backend.hadoop.executionengine.util.MapRedUtil - Total input paths (combined) to process : 1
2023-03-30 14:01:04,536 [JobControl] INFO  org.apache.hadoop.mapreduce.JobSubmitter - number of splits:2
2023-03-30 14:01:04,579 [JobControl] INFO  org.apache.hadoop.mapreduce.JobSubmitter - Submitting tokens for job: job_1679627889895_2511
2023-03-30 14:01:04,582 [JobControl] INFO  org.apache.hadoop.mapred.YARNRunner - Job jar is not present. Not adding any jar to the list of resources.
2023-03-30 14:01:04,804 [JobControl] INFO  org.apache.hadoop.yarn.client.api.impl.YarnClientImpl - Submitted application application_1679627889895_2511
2023-03-30 14:01:04,807 [JobControl] INFO  org.apache.hadoop.mapreduce.Job - The url to track the job: http://winter2023-comp421-1.cs.mcgill.ca:8088/proxy/application_1679627889895_2511/
2023-03-30 14:01:04,888 [main] INFO  org.apache.pig.backend.hadoop.executionengine.mapReduceLayer.MapReduceLauncher - HadoopJobId: job_1679627889895_2511
2023-03-30 14:01:04,888 [main] INFO  org.apache.pig.backend.hadoop.executionengine.mapReduceLayer.MapReduceLauncher - Processing aliases final_rslt,jn_top10_movie
2023-03-30 14:01:04,888 [main] INFO  org.apache.pig.backend.hadoop.executionengine.mapReduceLayer.MapReduceLauncher - detailed locations: M: jn_top10_movie[16,17],jn_top10_movie[16,17] C:  R: final_rslt[17,13]
2023-03-30 14:01:27,221 [main] INFO  org.apache.hadoop.mapred.ClientServiceDelegate - Application state is completed. FinalApplicationStatus=SUCCEEDED. Redirecting to job history server
2023-03-30 14:01:27,290 [main] INFO  org.apache.pig.backend.hadoop.executionengine.mapReduceLayer.MapReduceLauncher - 77% complete
2023-03-30 14:01:27,293 [main] INFO  org.apache.hadoop.yarn.client.RMProxy - Connecting to ResourceManager at winter2023-comp421-1.cs.mcgill.ca/132.206.51.211:8032
2023-03-30 14:01:27,296 [main] INFO  org.apache.hadoop.mapred.ClientServiceDelegate - Application state is completed. FinalApplicationStatus=SUCCEEDED. Redirecting to job history server
2023-03-30 14:01:27,327 [main] INFO  org.apache.hadoop.yarn.client.RMProxy - Connecting to ResourceManager at winter2023-comp421-1.cs.mcgill.ca/132.206.51.211:8032
2023-03-30 14:01:27,330 [main] INFO  org.apache.hadoop.mapred.ClientServiceDelegate - Application state is completed. FinalApplicationStatus=SUCCEEDED. Redirecting to job history server
2023-03-30 14:01:27,359 [main] INFO  org.apache.hadoop.yarn.client.RMProxy - Connecting to ResourceManager at winter2023-comp421-1.cs.mcgill.ca/132.206.51.211:8032
2023-03-30 14:01:27,361 [main] INFO  org.apache.hadoop.mapred.ClientServiceDelegate - Application state is completed. FinalApplicationStatus=SUCCEEDED. Redirecting to job history server
2023-03-30 14:01:27,388 [main] INFO  org.apache.pig.tools.pigstats.mapreduce.MRScriptState - Pig script settings are added to the job
2023-03-30 14:01:27,388 [main] INFO  org.apache.pig.backend.hadoop.executionengine.mapReduceLayer.JobControlCompiler - mapred.job.reduce.markreset.buffer.percent is not set, set to default 0.3
2023-03-30 14:01:27,388 [main] INFO  org.apache.pig.backend.hadoop.executionengine.mapReduceLayer.JobControlCompiler - Reduce phase detected, estimating # of required reducers.
2023-03-30 14:01:27,389 [main] INFO  org.apache.pig.backend.hadoop.executionengine.mapReduceLayer.JobControlCompiler - Using reducer estimator: org.apache.pig.backend.hadoop.executionengine.mapReduceLayer.InputSizeReducerEstimator
2023-03-30 14:01:27,393 [main] INFO  org.apache.pig.backend.hadoop.executionengine.mapReduceLayer.InputSizeReducerEstimator - BytesPerReducer=1000000000 maxReducers=999 totalInputFileSize=282
2023-03-30 14:01:27,393 [main] INFO  org.apache.pig.backend.hadoop.executionengine.mapReduceLayer.JobControlCompiler - Setting Parallelism to 1
2023-03-30 14:01:27,393 [main] INFO  org.apache.pig.backend.hadoop.executionengine.mapReduceLayer.JobControlCompiler - This job cannot be converted run in-process
2023-03-30 14:01:27,475 [main] INFO  org.apache.pig.backend.hadoop.executionengine.mapReduceLayer.JobControlCompiler - Added jar file:/data/cs421/softwares/apache/pig-0.15.0/pig-0.15.0-core-h2.jar to DistributedCache through /tmp/temp1746310190/tmp1793516017/pig-0.15.0-core-h2.jar
2023-03-30 14:01:27,516 [main] INFO  org.apache.pig.backend.hadoop.executionengine.mapReduceLayer.JobControlCompiler - Added jar file:/data/cs421/softwares/apache/pig-0.15.0/lib/automaton-1.11-8.jar to DistributedCache through /tmp/temp1746310190/tmp1792258735/automaton-1.11-8.jar
2023-03-30 14:01:27,550 [main] INFO  org.apache.pig.backend.hadoop.executionengine.mapReduceLayer.JobControlCompiler - Added jar file:/data/cs421/softwares/apache/pig-0.15.0/lib/antlr-runtime-3.4.jar to DistributedCache through /tmp/temp1746310190/tmp1242496160/antlr-runtime-3.4.jar
2023-03-30 14:01:27,587 [main] INFO  org.apache.pig.backend.hadoop.executionengine.mapReduceLayer.JobControlCompiler - Added jar file:/data/cs421/softwares/apache/pig-0.15.0/lib/joda-time-2.5.jar to DistributedCache through /tmp/temp1746310190/tmp1771356191/joda-time-2.5.jar
2023-03-30 14:01:27,593 [main] INFO  org.apache.pig.backend.hadoop.executionengine.mapReduceLayer.JobControlCompiler - Setting up single store job
2023-03-30 14:01:27,594 [main] INFO  org.apache.pig.data.SchemaTupleFrontend - Key [pig.schematuple] is false, will not generate code.
2023-03-30 14:01:27,594 [main] INFO  org.apache.pig.data.SchemaTupleFrontend - Starting process to move generated code to distributed cacche
2023-03-30 14:01:27,594 [main] INFO  org.apache.pig.data.SchemaTupleFrontend - Setting key [pig.schematuple.classes] with classes to deserialize []
2023-03-30 14:01:27,603 [main] INFO  org.apache.pig.backend.hadoop.executionengine.mapReduceLayer.MapReduceLauncher - 1 map-reduce job(s) waiting for submission.
2023-03-30 14:01:27,605 [JobControl] INFO  org.apache.hadoop.yarn.client.RMProxy - Connecting to ResourceManager at winter2023-comp421-1.cs.mcgill.ca/132.206.51.211:8032
2023-03-30 14:01:27,617 [JobControl] INFO  org.apache.hadoop.conf.Configuration.deprecation - fs.default.name is deprecated. Instead, use fs.defaultFS
2023-03-30 14:01:27,638 [JobControl] WARN  org.apache.hadoop.mapreduce.JobResourceUploader - No job jar file set.  User classes may not be found. See Job or Job#setJar(String).
2023-03-30 14:01:27,659 [JobControl] INFO  org.apache.hadoop.mapreduce.lib.input.FileInputFormat - Total input paths to process : 1
2023-03-30 14:01:27,659 [JobControl] INFO  org.apache.pig.backend.hadoop.executionengine.util.MapRedUtil - Total input paths to process : 1
2023-03-30 14:01:27,659 [JobControl] INFO  org.apache.pig.backend.hadoop.executionengine.util.MapRedUtil - Total input paths (combined) to process : 1
2023-03-30 14:01:27,849 [JobControl] INFO  org.apache.hadoop.mapreduce.JobSubmitter - number of splits:1
2023-03-30 14:01:27,904 [JobControl] INFO  org.apache.hadoop.mapreduce.JobSubmitter - Submitting tokens for job: job_1679627889895_2512
2023-03-30 14:01:27,907 [JobControl] INFO  org.apache.hadoop.mapred.YARNRunner - Job jar is not present. Not adding any jar to the list of resources.
2023-03-30 14:01:28,138 [JobControl] INFO  org.apache.hadoop.yarn.client.api.impl.YarnClientImpl - Submitted application application_1679627889895_2512
2023-03-30 14:01:28,142 [JobControl] INFO  org.apache.hadoop.mapreduce.Job - The url to track the job: http://winter2023-comp421-1.cs.mcgill.ca:8088/proxy/application_1679627889895_2512/
2023-03-30 14:01:28,142 [main] INFO  org.apache.pig.backend.hadoop.executionengine.mapReduceLayer.MapReduceLauncher - HadoopJobId: job_1679627889895_2512
2023-03-30 14:01:28,142 [main] INFO  org.apache.pig.backend.hadoop.executionengine.mapReduceLayer.MapReduceLauncher - Processing aliases final_srtd
2023-03-30 14:01:28,142 [main] INFO  org.apache.pig.backend.hadoop.executionengine.mapReduceLayer.MapReduceLauncher - detailed locations: M: final_srtd[18,13] C:  R: 
2023-03-30 14:01:47,507 [main] INFO  org.apache.hadoop.mapred.ClientServiceDelegate - Application state is completed. FinalApplicationStatus=SUCCEEDED. Redirecting to job history server
2023-03-30 14:01:47,554 [main] INFO  org.apache.pig.backend.hadoop.executionengine.mapReduceLayer.MapReduceLauncher - 88% complete
2023-03-30 14:01:47,558 [main] INFO  org.apache.hadoop.yarn.client.RMProxy - Connecting to ResourceManager at winter2023-comp421-1.cs.mcgill.ca/132.206.51.211:8032
2023-03-30 14:01:47,561 [main] INFO  org.apache.hadoop.mapred.ClientServiceDelegate - Application state is completed. FinalApplicationStatus=SUCCEEDED. Redirecting to job history server
2023-03-30 14:01:47,588 [main] INFO  org.apache.hadoop.yarn.client.RMProxy - Connecting to ResourceManager at winter2023-comp421-1.cs.mcgill.ca/132.206.51.211:8032
2023-03-30 14:01:47,590 [main] INFO  org.apache.hadoop.mapred.ClientServiceDelegate - Application state is completed. FinalApplicationStatus=SUCCEEDED. Redirecting to job history server
2023-03-30 14:01:47,619 [main] INFO  org.apache.hadoop.yarn.client.RMProxy - Connecting to ResourceManager at winter2023-comp421-1.cs.mcgill.ca/132.206.51.211:8032
2023-03-30 14:01:47,622 [main] INFO  org.apache.hadoop.mapred.ClientServiceDelegate - Application state is completed. FinalApplicationStatus=SUCCEEDED. Redirecting to job history server
2023-03-30 14:01:47,648 [main] INFO  org.apache.pig.tools.pigstats.mapreduce.MRScriptState - Pig script settings are added to the job
2023-03-30 14:01:47,649 [main] INFO  org.apache.pig.backend.hadoop.executionengine.mapReduceLayer.JobControlCompiler - mapred.job.reduce.markreset.buffer.percent is not set, set to default 0.3
2023-03-30 14:01:47,649 [main] INFO  org.apache.pig.backend.hadoop.executionengine.mapReduceLayer.JobControlCompiler - Reduce phase detected, estimating # of required reducers.
2023-03-30 14:01:47,649 [main] INFO  org.apache.pig.backend.hadoop.executionengine.mapReduceLayer.JobControlCompiler - Setting Parallelism to 1
2023-03-30 14:01:47,649 [main] INFO  org.apache.pig.backend.hadoop.executionengine.mapReduceLayer.JobControlCompiler - This job cannot be converted run in-process
2023-03-30 14:01:47,740 [main] INFO  org.apache.pig.backend.hadoop.executionengine.mapReduceLayer.JobControlCompiler - Added jar file:/data/cs421/softwares/apache/pig-0.15.0/pig-0.15.0-core-h2.jar to DistributedCache through /tmp/temp1746310190/tmp-272380794/pig-0.15.0-core-h2.jar
2023-03-30 14:01:47,775 [main] INFO  org.apache.pig.backend.hadoop.executionengine.mapReduceLayer.JobControlCompiler - Added jar file:/data/cs421/softwares/apache/pig-0.15.0/lib/automaton-1.11-8.jar to DistributedCache through /tmp/temp1746310190/tmp440918579/automaton-1.11-8.jar
2023-03-30 14:01:47,809 [main] INFO  org.apache.pig.backend.hadoop.executionengine.mapReduceLayer.JobControlCompiler - Added jar file:/data/cs421/softwares/apache/pig-0.15.0/lib/antlr-runtime-3.4.jar to DistributedCache through /tmp/temp1746310190/tmp-1330823740/antlr-runtime-3.4.jar
2023-03-30 14:01:47,846 [main] INFO  org.apache.pig.backend.hadoop.executionengine.mapReduceLayer.JobControlCompiler - Added jar file:/data/cs421/softwares/apache/pig-0.15.0/lib/joda-time-2.5.jar to DistributedCache through /tmp/temp1746310190/tmp1506860361/joda-time-2.5.jar
2023-03-30 14:01:47,852 [main] INFO  org.apache.pig.backend.hadoop.executionengine.mapReduceLayer.JobControlCompiler - Setting up single store job
2023-03-30 14:01:47,852 [main] INFO  org.apache.pig.data.SchemaTupleFrontend - Key [pig.schematuple] is false, will not generate code.
2023-03-30 14:01:47,852 [main] INFO  org.apache.pig.data.SchemaTupleFrontend - Starting process to move generated code to distributed cacche
2023-03-30 14:01:47,852 [main] INFO  org.apache.pig.data.SchemaTupleFrontend - Setting key [pig.schematuple.classes] with classes to deserialize []
2023-03-30 14:01:47,864 [main] INFO  org.apache.pig.backend.hadoop.executionengine.mapReduceLayer.MapReduceLauncher - 1 map-reduce job(s) waiting for submission.
2023-03-30 14:01:47,866 [JobControl] INFO  org.apache.hadoop.yarn.client.RMProxy - Connecting to ResourceManager at winter2023-comp421-1.cs.mcgill.ca/132.206.51.211:8032
2023-03-30 14:01:47,873 [JobControl] INFO  org.apache.hadoop.conf.Configuration.deprecation - fs.default.name is deprecated. Instead, use fs.defaultFS
2023-03-30 14:01:47,892 [JobControl] WARN  org.apache.hadoop.mapreduce.JobResourceUploader - No job jar file set.  User classes may not be found. See Job or Job#setJar(String).
2023-03-30 14:01:47,913 [JobControl] INFO  org.apache.hadoop.mapreduce.lib.input.FileInputFormat - Total input paths to process : 1
2023-03-30 14:01:47,913 [JobControl] INFO  org.apache.pig.backend.hadoop.executionengine.util.MapRedUtil - Total input paths to process : 1
2023-03-30 14:01:47,913 [JobControl] INFO  org.apache.pig.backend.hadoop.executionengine.util.MapRedUtil - Total input paths (combined) to process : 1
2023-03-30 14:01:48,000 [JobControl] INFO  org.apache.hadoop.mapreduce.JobSubmitter - number of splits:1
2023-03-30 14:01:48,060 [JobControl] INFO  org.apache.hadoop.mapreduce.JobSubmitter - Submitting tokens for job: job_1679627889895_2513
2023-03-30 14:01:48,063 [JobControl] INFO  org.apache.hadoop.mapred.YARNRunner - Job jar is not present. Not adding any jar to the list of resources.
2023-03-30 14:01:48,092 [JobControl] INFO  org.apache.hadoop.yarn.client.api.impl.YarnClientImpl - Submitted application application_1679627889895_2513
2023-03-30 14:01:48,094 [JobControl] INFO  org.apache.hadoop.mapreduce.Job - The url to track the job: http://winter2023-comp421-1.cs.mcgill.ca:8088/proxy/application_1679627889895_2513/
2023-03-30 14:01:48,364 [main] INFO  org.apache.pig.backend.hadoop.executionengine.mapReduceLayer.MapReduceLauncher - HadoopJobId: job_1679627889895_2513
2023-03-30 14:01:48,365 [main] INFO  org.apache.pig.backend.hadoop.executionengine.mapReduceLayer.MapReduceLauncher - Processing aliases final_srtd
2023-03-30 14:01:48,365 [main] INFO  org.apache.pig.backend.hadoop.executionengine.mapReduceLayer.MapReduceLauncher - detailed locations: M: final_srtd[18,13] C:  R: 
2023-03-30 14:02:10,693 [main] INFO  org.apache.hadoop.mapred.ClientServiceDelegate - Application state is completed. FinalApplicationStatus=SUCCEEDED. Redirecting to job history server
2023-03-30 14:02:10,750 [main] INFO  org.apache.hadoop.yarn.client.RMProxy - Connecting to ResourceManager at winter2023-comp421-1.cs.mcgill.ca/132.206.51.211:8032
2023-03-30 14:02:10,753 [main] INFO  org.apache.hadoop.mapred.ClientServiceDelegate - Application state is completed. FinalApplicationStatus=SUCCEEDED. Redirecting to job history server
2023-03-30 14:02:10,779 [main] INFO  org.apache.hadoop.yarn.client.RMProxy - Connecting to ResourceManager at winter2023-comp421-1.cs.mcgill.ca/132.206.51.211:8032
2023-03-30 14:02:10,781 [main] INFO  org.apache.hadoop.mapred.ClientServiceDelegate - Application state is completed. FinalApplicationStatus=SUCCEEDED. Redirecting to job history server
2023-03-30 14:02:10,805 [main] INFO  org.apache.hadoop.yarn.client.RMProxy - Connecting to ResourceManager at winter2023-comp421-1.cs.mcgill.ca/132.206.51.211:8032
2023-03-30 14:02:10,807 [main] INFO  org.apache.hadoop.mapred.ClientServiceDelegate - Application state is completed. FinalApplicationStatus=SUCCEEDED. Redirecting to job history server
2023-03-30 14:02:10,841 [main] INFO  org.apache.pig.backend.hadoop.executionengine.mapReduceLayer.MapReduceLauncher - 100% complete
2023-03-30 14:02:10,948 [main] INFO  org.apache.pig.tools.pigstats.mapreduce.SimplePigStats - Script Statistics: 

HadoopVersion	PigVersion	UserId	StartedAt	FinishedAt	Features
2.7.2	0.15.0	cs421g16	2023-03-30 13:59:09	2023-03-30 14:02:10	HASH_JOIN,GROUP_BY,ORDER_BY,LIMIT

Success!

Job Stats (time in seconds):
JobId	Maps	Reduces	MaxMapTime	MinMapTime	AvgMapTime	MedianMapTime	MaxReduceTime	MinReduceTime	AvgReduceTime	MedianReducetime	Alias	Feature	Outputs
job_1679627889895_2505	1	0	3	3	3	3	0	0	0	0	movies	MAP_ONLY	
job_1679627889895_2506	2	1	5	4	4	4	4	4	4	4	jnd,ratings	HASH_JOIN	
job_1679627889895_2507	1	1	6	6	6	6	4	4	4	4	grpd,rslt	GROUP_BY,COMBINER	
job_1679627889895_2508	1	1	3	3	3	3	6	6	6	6	srtd	SAMPLER	
job_1679627889895_2509	1	1	3	3	3	3	3	3	3	3	srtd	ORDER_BY,COMBINER	
job_1679627889895_2510	1	1	3	3	3	3	3	3	3	3	srtd		
job_1679627889895_2511	2	1	4	3	4	4	6	6	6	6	final_rslt,jn_top10_movie	HASH_JOIN	
job_1679627889895_2512	1	1	3	3	3	3	3	3	3	3	final_srtd	SAMPLER	
job_1679627889895_2513	1	1	4	4	4	4	5	5	5	5	final_srtd	ORDER_BY	hdfs://winter2023-comp421-1.cs.mcgill.ca:9000/tmp/temp1746310190/tmp430720913,

Input(s):
Successfully read 9120 records (283962 bytes) from: "/data/movies.csv"
Successfully read 100000 records from: "/data/ratings.csv"

Output(s):
Successfully stored 10 records (282 bytes) in: "hdfs://winter2023-comp421-1.cs.mcgill.ca:9000/tmp/temp1746310190/tmp430720913"

Counters:
Total records written : 10
Total bytes written : 282
Spillable Memory Manager spill count : 0
Total bags proactively spilled: 0
Total records proactively spilled: 0

Job DAG:
job_1679627889895_2505	->	job_1679627889895_2506,job_1679627889895_2511,
job_1679627889895_2506	->	job_1679627889895_2507,
job_1679627889895_2507	->	job_1679627889895_2508,
job_1679627889895_2508	->	job_1679627889895_2509,
job_1679627889895_2509	->	job_1679627889895_2510,
job_1679627889895_2510	->	job_1679627889895_2511,
job_1679627889895_2511	->	job_1679627889895_2512,
job_1679627889895_2512	->	job_1679627889895_2513,
job_1679627889895_2513


2023-03-30 14:02:10,949 [main] INFO  org.apache.hadoop.yarn.client.RMProxy - Connecting to ResourceManager at winter2023-comp421-1.cs.mcgill.ca/132.206.51.211:8032
2023-03-30 14:02:10,952 [main] INFO  org.apache.hadoop.mapred.ClientServiceDelegate - Application state is completed. FinalApplicationStatus=SUCCEEDED. Redirecting to job history server
2023-03-30 14:02:10,998 [main] INFO  org.apache.hadoop.yarn.client.RMProxy - Connecting to ResourceManager at winter2023-comp421-1.cs.mcgill.ca/132.206.51.211:8032
2023-03-30 14:02:11,001 [main] INFO  org.apache.hadoop.mapred.ClientServiceDelegate - Application state is completed. FinalApplicationStatus=SUCCEEDED. Redirecting to job history server
2023-03-30 14:02:11,033 [main] INFO  org.apache.hadoop.yarn.client.RMProxy - Connecting to ResourceManager at winter2023-comp421-1.cs.mcgill.ca/132.206.51.211:8032
2023-03-30 14:02:11,035 [main] INFO  org.apache.hadoop.mapred.ClientServiceDelegate - Application state is completed. FinalApplicationStatus=SUCCEEDED. Redirecting to job history server
2023-03-30 14:02:11,063 [main] INFO  org.apache.hadoop.yarn.client.RMProxy - Connecting to ResourceManager at winter2023-comp421-1.cs.mcgill.ca/132.206.51.211:8032
2023-03-30 14:02:11,066 [main] INFO  org.apache.hadoop.mapred.ClientServiceDelegate - Application state is completed. FinalApplicationStatus=SUCCEEDED. Redirecting to job history server
2023-03-30 14:02:11,104 [main] INFO  org.apache.hadoop.yarn.client.RMProxy - Connecting to ResourceManager at winter2023-comp421-1.cs.mcgill.ca/132.206.51.211:8032
2023-03-30 14:02:11,107 [main] INFO  org.apache.hadoop.mapred.ClientServiceDelegate - Application state is completed. FinalApplicationStatus=SUCCEEDED. Redirecting to job history server
2023-03-30 14:02:11,137 [main] INFO  org.apache.hadoop.yarn.client.RMProxy - Connecting to ResourceManager at winter2023-comp421-1.cs.mcgill.ca/132.206.51.211:8032
2023-03-30 14:02:11,140 [main] INFO  org.apache.hadoop.mapred.ClientServiceDelegate - Application state is completed. FinalApplicationStatus=SUCCEEDED. Redirecting to job history server
2023-03-30 14:02:11,170 [main] INFO  org.apache.hadoop.yarn.client.RMProxy - Connecting to ResourceManager at winter2023-comp421-1.cs.mcgill.ca/132.206.51.211:8032
2023-03-30 14:02:11,172 [main] INFO  org.apache.hadoop.mapred.ClientServiceDelegate - Application state is completed. FinalApplicationStatus=SUCCEEDED. Redirecting to job history server
2023-03-30 14:02:11,203 [main] INFO  org.apache.hadoop.yarn.client.RMProxy - Connecting to ResourceManager at winter2023-comp421-1.cs.mcgill.ca/132.206.51.211:8032
2023-03-30 14:02:11,206 [main] INFO  org.apache.hadoop.mapred.ClientServiceDelegate - Application state is completed. FinalApplicationStatus=SUCCEEDED. Redirecting to job history server
2023-03-30 14:02:11,236 [main] INFO  org.apache.hadoop.yarn.client.RMProxy - Connecting to ResourceManager at winter2023-comp421-1.cs.mcgill.ca/132.206.51.211:8032
2023-03-30 14:02:11,239 [main] INFO  org.apache.hadoop.mapred.ClientServiceDelegate - Application state is completed. FinalApplicationStatus=SUCCEEDED. Redirecting to job history server
2023-03-30 14:02:11,266 [main] INFO  org.apache.hadoop.yarn.client.RMProxy - Connecting to ResourceManager at winter2023-comp421-1.cs.mcgill.ca/132.206.51.211:8032
2023-03-30 14:02:11,268 [main] INFO  org.apache.hadoop.mapred.ClientServiceDelegate - Application state is completed. FinalApplicationStatus=SUCCEEDED. Redirecting to job history server
2023-03-30 14:02:11,300 [main] INFO  org.apache.hadoop.yarn.client.RMProxy - Connecting to ResourceManager at winter2023-comp421-1.cs.mcgill.ca/132.206.51.211:8032
2023-03-30 14:02:11,305 [main] INFO  org.apache.hadoop.mapred.ClientServiceDelegate - Application state is completed. FinalApplicationStatus=SUCCEEDED. Redirecting to job history server
2023-03-30 14:02:11,332 [main] INFO  org.apache.hadoop.yarn.client.RMProxy - Connecting to ResourceManager at winter2023-comp421-1.cs.mcgill.ca/132.206.51.211:8032
2023-03-30 14:02:11,335 [main] INFO  org.apache.hadoop.mapred.ClientServiceDelegate - Application state is completed. FinalApplicationStatus=SUCCEEDED. Redirecting to job history server
2023-03-30 14:02:11,366 [main] INFO  org.apache.hadoop.yarn.client.RMProxy - Connecting to ResourceManager at winter2023-comp421-1.cs.mcgill.ca/132.206.51.211:8032
2023-03-30 14:02:11,368 [main] INFO  org.apache.hadoop.mapred.ClientServiceDelegate - Application state is completed. FinalApplicationStatus=SUCCEEDED. Redirecting to job history server
2023-03-30 14:02:11,405 [main] INFO  org.apache.hadoop.yarn.client.RMProxy - Connecting to ResourceManager at winter2023-comp421-1.cs.mcgill.ca/132.206.51.211:8032
2023-03-30 14:02:11,408 [main] INFO  org.apache.hadoop.mapred.ClientServiceDelegate - Application state is completed. FinalApplicationStatus=SUCCEEDED. Redirecting to job history server
2023-03-30 14:02:11,435 [main] INFO  org.apache.hadoop.yarn.client.RMProxy - Connecting to ResourceManager at winter2023-comp421-1.cs.mcgill.ca/132.206.51.211:8032
2023-03-30 14:02:11,437 [main] INFO  org.apache.hadoop.mapred.ClientServiceDelegate - Application state is completed. FinalApplicationStatus=SUCCEEDED. Redirecting to job history server
2023-03-30 14:02:11,463 [main] INFO  org.apache.hadoop.yarn.client.RMProxy - Connecting to ResourceManager at winter2023-comp421-1.cs.mcgill.ca/132.206.51.211:8032
2023-03-30 14:02:11,466 [main] INFO  org.apache.hadoop.mapred.ClientServiceDelegate - Application state is completed. FinalApplicationStatus=SUCCEEDED. Redirecting to job history server
2023-03-30 14:02:11,501 [main] INFO  org.apache.hadoop.yarn.client.RMProxy - Connecting to ResourceManager at winter2023-comp421-1.cs.mcgill.ca/132.206.51.211:8032
2023-03-30 14:02:11,504 [main] INFO  org.apache.hadoop.mapred.ClientServiceDelegate - Application state is completed. FinalApplicationStatus=SUCCEEDED. Redirecting to job history server
2023-03-30 14:02:11,530 [main] INFO  org.apache.hadoop.yarn.client.RMProxy - Connecting to ResourceManager at winter2023-comp421-1.cs.mcgill.ca/132.206.51.211:8032
2023-03-30 14:02:11,536 [main] INFO  org.apache.hadoop.mapred.ClientServiceDelegate - Application state is completed. FinalApplicationStatus=SUCCEEDED. Redirecting to job history server
2023-03-30 14:02:11,561 [main] INFO  org.apache.hadoop.yarn.client.RMProxy - Connecting to ResourceManager at winter2023-comp421-1.cs.mcgill.ca/132.206.51.211:8032
2023-03-30 14:02:11,564 [main] INFO  org.apache.hadoop.mapred.ClientServiceDelegate - Application state is completed. FinalApplicationStatus=SUCCEEDED. Redirecting to job history server
2023-03-30 14:02:11,602 [main] INFO  org.apache.hadoop.yarn.client.RMProxy - Connecting to ResourceManager at winter2023-comp421-1.cs.mcgill.ca/132.206.51.211:8032
2023-03-30 14:02:11,605 [main] INFO  org.apache.hadoop.mapred.ClientServiceDelegate - Application state is completed. FinalApplicationStatus=SUCCEEDED. Redirecting to job history server
2023-03-30 14:02:11,635 [main] INFO  org.apache.hadoop.yarn.client.RMProxy - Connecting to ResourceManager at winter2023-comp421-1.cs.mcgill.ca/132.206.51.211:8032
2023-03-30 14:02:11,638 [main] INFO  org.apache.hadoop.mapred.ClientServiceDelegate - Application state is completed. FinalApplicationStatus=SUCCEEDED. Redirecting to job history server
2023-03-30 14:02:11,662 [main] INFO  org.apache.hadoop.yarn.client.RMProxy - Connecting to ResourceManager at winter2023-comp421-1.cs.mcgill.ca/132.206.51.211:8032
2023-03-30 14:02:11,664 [main] INFO  org.apache.hadoop.mapred.ClientServiceDelegate - Application state is completed. FinalApplicationStatus=SUCCEEDED. Redirecting to job history server
2023-03-30 14:02:11,696 [main] INFO  org.apache.hadoop.yarn.client.RMProxy - Connecting to ResourceManager at winter2023-comp421-1.cs.mcgill.ca/132.206.51.211:8032
2023-03-30 14:02:11,699 [main] INFO  org.apache.hadoop.mapred.ClientServiceDelegate - Application state is completed. FinalApplicationStatus=SUCCEEDED. Redirecting to job history server
2023-03-30 14:02:11,730 [main] INFO  org.apache.hadoop.yarn.client.RMProxy - Connecting to ResourceManager at winter2023-comp421-1.cs.mcgill.ca/132.206.51.211:8032
2023-03-30 14:02:11,732 [main] INFO  org.apache.hadoop.mapred.ClientServiceDelegate - Application state is completed. FinalApplicationStatus=SUCCEEDED. Redirecting to job history server
2023-03-30 14:02:11,759 [main] INFO  org.apache.hadoop.yarn.client.RMProxy - Connecting to ResourceManager at winter2023-comp421-1.cs.mcgill.ca/132.206.51.211:8032
2023-03-30 14:02:11,761 [main] INFO  org.apache.hadoop.mapred.ClientServiceDelegate - Application state is completed. FinalApplicationStatus=SUCCEEDED. Redirecting to job history server
2023-03-30 14:02:11,794 [main] INFO  org.apache.hadoop.yarn.client.RMProxy - Connecting to ResourceManager at winter2023-comp421-1.cs.mcgill.ca/132.206.51.211:8032
2023-03-30 14:02:11,797 [main] INFO  org.apache.hadoop.mapred.ClientServiceDelegate - Application state is completed. FinalApplicationStatus=SUCCEEDED. Redirecting to job history server
2023-03-30 14:02:11,831 [main] INFO  org.apache.hadoop.yarn.client.RMProxy - Connecting to ResourceManager at winter2023-comp421-1.cs.mcgill.ca/132.206.51.211:8032
2023-03-30 14:02:11,833 [main] INFO  org.apache.hadoop.mapred.ClientServiceDelegate - Application state is completed. FinalApplicationStatus=SUCCEEDED. Redirecting to job history server
2023-03-30 14:02:11,858 [main] INFO  org.apache.pig.backend.hadoop.executionengine.mapReduceLayer.MapReduceLauncher - Success!
2023-03-30 14:02:11,860 [main] INFO  org.apache.hadoop.conf.Configuration.deprecation - fs.default.name is deprecated. Instead, use fs.defaultFS
2023-03-30 14:02:11,861 [main] INFO  org.apache.pig.data.SchemaTupleBackend - Key [pig.schematuple] was not set... will not generate code.
2023-03-30 14:02:11,865 [main] INFO  org.apache.hadoop.mapreduce.lib.input.FileInputFormat - Total input paths to process : 1
2023-03-30 14:02:11,865 [main] INFO  org.apache.pig.backend.hadoop.executionengine.util.MapRedUtil - Total input paths to process : 1
(Forrest Gump,341)
(Pulp Fiction,324)
(Shawshank Redemption  The,311)
(Silence of the Lambs  The,304)
(Star Wars: Episode IV - A New Hope,291)
(Jurassic Park,274)
(Matrix  The,259)
(Toy Story,247)
(Schindlers List,244)
(Terminator 2: Judgment Day,237)
2023-03-30 14:02:11,947 [main] INFO  org.apache.pig.Main - Pig script completed in 3 minutes, 5 seconds and 441 milliseconds (185441 ms)
