(c) Copyright IBM Corporation 1993,2007
Command Line Processor for DB2 Client 11.5.8.0

You can issue database manager commands and SQL statements from the command 
prompt. For example:
    db2 => connect to sample
    db2 => bind sample.bnd

For general help, type: ?.
For command help, type: ? command, where command can be
the first few keywords of a database manager command. For example:
 ? CATALOG DATABASE for help on the CATALOG DATABASE command
 ? CATALOG          for help on all of the CATALOG commands.

To exit db2 interactive mode, type QUIT at the command prompt. Outside 
interactive mode, all commands must be prefixed with 'db2'.
To list the current command option settings, type LIST COMMAND OPTIONS.

For more detailed help, refer to the Online Reference Manual.

db2 => db2 => db2 => db2 => db2 => CONNECT TO cs421

   Database Connection Information

 Database server        = DB2/LINUXX8664 11.5.8.0
 SQL authorization ID   = CS421G16
 Local database alias   = CS421


db2 => db2 => db2 => db2 => db2 => db2 => db2 => db2 (cont.) => db2 (cont.) => db2 (cont.) => db2 (cont.) => CREATE TABLE Stadium (stadium_name VARCHAR(30) NOT NULL, location VARCHAR(30) NOT NULL, capacity INTEGER, PRIMARY KEY (stadium_name))
DB20000I  The SQL command completed successfully.

db2 => db2 => db2 (cont.) => db2 (cont.) => db2 (cont.) => db2 (cont.) => db2 (cont.) => db2 (cont.) => db2 (cont.) => db2 (cont.) => CREATE TABLE Match (match_id INTEGER NOT NULL, date DATE NOT NULL, time VARCHAR(10) NOT NULL, round VARCHAR(15) NOT NULL, stadium_name VARCHAR(30) NOT NULL, PRIMARY KEY (match_id), FOREIGN KEY (stadium_name) REFERENCES Stadium)
DB20000I  The SQL command completed successfully.

db2 => db2 => db2 (cont.) => db2 (cont.) => db2 (cont.) => db2 (cont.) => db2 (cont.) => CREATE TABLE Seat (seat_id VARCHAR(5) NOT NULL, stadium_name VARCHAR(30) NOT NULL, PRIMARY KEY (seat_id, stadium_name), FOREIGN KEY  (stadium_name) REFERENCES Stadium)
DB20000I  The SQL command completed successfully.

db2 => db2 => db2 (cont.) => db2 (cont.) => db2 (cont.) => db2 (cont.) => db2 (cont.) => db2 (cont.) => db2 (cont.) => db2 (cont.) => db2 (cont.) => db2 (cont.) => CREATE TABLE Ticket (seat_id VARCHAR(5) NOT NULL, stadium_name VARCHAR(30) NOT NULL, match_id INTEGER NOT NULL, price FLOAT, status VARCHAR(10) NOT NULL, PRIMARY KEY (seat_id, stadium_name, match_id), FOREIGN KEY  (seat_id, stadium_name) REFERENCES Seat, FOREIGN KEY (match_id) REFERENCES Match)
DB20000I  The SQL command completed successfully.

db2 => db2 => db2 (cont.) => db2 (cont.) => db2 (cont.) => db2 (cont.) => CREATE TABLE Client (email VARCHAR(30) NOT NULL, first_name VARCHAR(30) NOT NULL, last_name VARCHAR(15) NOT NULL, PRIMARY KEY (email))
DB20000I  The SQL command completed successfully.

db2 => db2 => db2 (cont.) => db2 (cont.) => db2 (cont.) => db2 (cont.) => db2 (cont.) => db2 (cont.) => CREATE TABLE Receipt (transaction_id INTEGER NOT NULL, total_cost FLOAT NOT NULL, email VARCHAR(30) NOT NULL, PRIMARY KEY (transaction_id), FOREIGN KEY (email) REFERENCES Client)
DB20000I  The SQL command completed successfully.

db2 => db2 => db2 (cont.) => db2 (cont.) => db2 (cont.) => db2 (cont.) => db2 (cont.) => db2 (cont.) => db2 (cont.) => db2 (cont.) => db2 (cont.) => CREATE TABLE Transaction (seat_id VARCHAR(5) NOT NULL, stadium_name VARCHAR(30) NOT NULL, match_id INTEGER NOT NULL, transaction_id INTEGER NOT NULL, PRIMARY KEY (seat_id, stadium_name,match_id), FOREIGN KEY (seat_id, stadium_name,match_id) REFERENCES Ticket, FOREIGN KEY (transaction_id) REFERENCES Receipt)
DB20000I  The SQL command completed successfully.

db2 => db2 => db2 (cont.) => db2 (cont.) => db2 (cont.) => db2 (cont.) => db2 (cont.) => CREATE TABLE Team (country VARCHAR(15) NOT NULL, name VARCHAR(70) NOT NULL, website_url VARCHAR(30) NOT NULL, group VARCHAR(16) NOT NULL, PRIMARY KEY (country))
DB20000I  The SQL command completed successfully.

db2 => db2 => db2 (cont.) => db2 (cont.) => db2 (cont.) => db2 (cont.) => db2 (cont.) => db2 (cont.) => db2 (cont.) => CREATE TABLE Match_Participants (match_id INTEGER NOT NULL, country VARCHAR(15) NOT NULL, PRIMARY KEY (match_id, country), FOREIGN KEY (match_id) REFERENCES Match, FOREIGN KEY (country) REFERENCES Team)
DB20000I  The SQL command completed successfully.

db2 => db2 => db2 (cont.) => db2 (cont.) => db2 (cont.) => db2 (cont.) => db2 (cont.) => CREATE TABLE Played_Match (match_id INTEGER NOT NULL, duration TIME NOT NULL, PRIMARY KEY (match_id), FOREIGN KEY (match_id) REFERENCES Match)
DB20000I  The SQL command completed successfully.

db2 => db2 => db2 (cont.) => db2 (cont.) => db2 (cont.) => db2 (cont.) => db2 (cont.) => db2 (cont.) => db2 (cont.) => db2 (cont.) => CREATE TABLE Player (country VARCHAR(15) NOT NULL, shirt_num INTEGER NOT NULL, name VARCHAR(30) NOT NULL, dob DATE NOT NULL, general_position VARCHAR(15) NOT NULL, PRIMARY KEY (country, shirt_num), FOREIGN KEY (country) REFERENCES Team)
DB20000I  The SQL command completed successfully.

db2 => db2 => db2 (cont.) => db2 (cont.) => db2 (cont.) => db2 (cont.) => db2 (cont.) => db2 (cont.) => db2 (cont.) => CREATE TABLE Coach (country VARCHAR(15) NOT NULL, role VARCHAR(15) NOT NULL, name VARCHAR(30) NOT NULL, dob DATE NOT NULL, PRIMARY KEY (country, role), FOREIGN KEY (country) REFERENCES Team)
DB20000I  The SQL command completed successfully.

db2 => db2 => db2 (cont.) => db2 (cont.) => db2 (cont.) => db2 (cont.) => db2 (cont.) => CREATE TABLE Referee (referee_id INTEGER NOT NULL, name VARCHAR(30) NOT NULL, experience INTEGER, nationality VARCHAR(15), PRIMARY KEY (referee_id))
DB20000I  The SQL command completed successfully.

db2 => db2 => db2 (cont.) => db2 (cont.) => db2 (cont.) => db2 (cont.) => db2 (cont.) => db2 (cont.) => db2 (cont.) => db2 (cont.) => db2 (cont.) => db2 (cont.) => db2 (cont.) => CREATE TABLE PlaysIn (country VARCHAR(15) NOT NULL, shirt_num INTEGER NOT NULL, match_id INTEGER NOT NULL, specific_pos VARCHAR(15) NOT NULL, entry_time TIME NOT NULL, exit_time TIME NOT NULL, PRIMARY KEY (country, shirt_num, match_id), FOREIGN KEY (country, shirt_num) REFERENCES Player, FOREIGN KEY (match_id) REFERENCES Played_Match)
DB20000I  The SQL command completed successfully.

db2 => db2 => db2 (cont.) => db2 (cont.) => db2 (cont.) => db2 (cont.) => db2 (cont.) => db2 (cont.) => db2 (cont.) => db2 (cont.) => db2 (cont.) => db2 (cont.) => db2 (cont.) => CREATE TABLE Goal (occurrence INTEGER NOT NULL, match_id INTEGER NOT NULL, country VARCHAR(15) NOT NULL, shirt_num INTEGER NOT NULL, minute INTEGER NOT NULL, is_penalty INTEGER NOT NULL, PRIMARY KEY (match_id, occurrence), FOREIGN KEY (match_id) REFERENCES Played_Match, FOREIGN KEY (country, shirt_num) REFERENCES Player)
DB20000I  The SQL command completed successfully.

db2 => db2 => db2 (cont.) => db2 (cont.) => db2 (cont.) => db2 (cont.) => db2 (cont.) => db2 (cont.) => db2 (cont.) => db2 (cont.) => CREATE TABLE Refereeship (referee_id INTEGER NOT NULL, match_id INTEGER NOT NULL, role VARCHAR(30) NOT NULL, PRIMARY KEY (referee_id, match_id), FOREIGN KEY (referee_id) REFERENCES Referee, FOREIGN KEY (match_id) REFERENCES Played_Match)
DB20000I  The SQL command completed successfully.

db2 => db2 => db2 (cont.) => db2 (cont.) => db2 (cont.) => db2 (cont.) => db2 (cont.) => db2 (cont.) => db2 (cont.) => db2 (cont.) => db2 (cont.) => db2 (cont.) => db2 (cont.) => db2 (cont.) => db2 (cont.) => db2 (cont.) => CREATE TABLE Booking (match_id INTEGER NOT NULL, occurrence INTEGER NOT NULL, country VARCHAR(15) NOT NULL, shirt_num INTEGER NOT NULL, referee_id INTEGER NOT NULL, is_red INTEGER NOT NULL, yellow_occurrance INTEGER, PRIMARY KEY (match_id, occurrence), FOREIGN KEY (country, shirt_num) REFERENCES Player, FOREIGN KEY (referee_id) REFERENCES Referee, FOREIGN KEY (match_id) REFERENCES Played_Match)
DB20000I  The SQL command completed successfully.

db2 => db2 => 